TN:
SF:/Users/denjell/WebstormProjects/quasar-starter-kit-app-extension/test/test-extension/src/boot/axios.js
FN:3,(anonymous_0)
FNF:1
FNH:0
FNDA:0,(anonymous_0)
DA:4,0
LF:1
LH:0
BRF:0
BRH:0
end_of_record
TN:
SF:/Users/denjell/WebstormProjects/quasar-starter-kit-app-extension/test/test-extension/src/boot/i18n.js
FN:4,(anonymous_0)
FNF:1
FNH:0
FNDA:0,(anonymous_0)
DA:5,0
DA:8,0
LF:2
LH:0
BRF:0
BRH:0
end_of_record
TN:
SF:/Users/denjell/WebstormProjects/quasar-starter-kit-app-extension/test/test-extension/src/i18n/index.js
FNF:0
FNH:0
LF:0
LH:0
BRF:0
BRH:0
end_of_record
TN:
SF:/Users/denjell/WebstormProjects/quasar-starter-kit-app-extension/test/test-extension/src/i18n/en-us/index.js
FNF:0
FNH:0
LF:0
LH:0
BRF:0
BRH:0
end_of_record
TN:
SF:/Users/denjell/WebstormProjects/quasar-starter-kit-app-extension/test/test-extension/src/layouts/MyLayout.vue
FN:89,data
FNF:1
FNH:0
FNDA:0,data
DA:85,0
DA:90,0
LF:2
LH:0
BRF:0
BRH:0
end_of_record
TN:
SF:/Users/denjell/WebstormProjects/quasar-starter-kit-app-extension/test/test-extension/src/router/index.js
FN:13,(anonymous_0)
FN:15,(anonymous_1)
FNF:2
FNH:0
FNDA:0,(anonymous_0)
FNDA:0,(anonymous_1)
DA:6,0
DA:14,0
DA:15,0
DA:25,0
LF:4
LH:0
BRF:0
BRH:0
end_of_record
TN:
SF:/Users/denjell/WebstormProjects/quasar-starter-kit-app-extension/test/test-extension/src/router/routes.js
FN:5,(anonymous_0)
FN:7,(anonymous_1)
FN:16,(anonymous_2)
FNF:3
FNH:0
FNDA:0,(anonymous_0)
FNDA:0,(anonymous_1)
FNDA:0,(anonymous_2)
DA:2,0
DA:5,0
DA:7,0
DA:13,0
DA:14,0
DA:16,0
LF:6
LH:0
BRDA:13,0,0,0
BRDA:13,0,1,0
BRF:2
BRH:0
end_of_record
TN:
SF:/Users/denjell/WebstormProjects/quasar-starter-kit-app-extension/test/test-extension/src/store/index.js
FN:13,(anonymous_0)
FNF:1
FNH:0
FNDA:0,(anonymous_0)
DA:6,0
DA:14,0
DA:20,0
LF:3
LH:0
BRF:0
BRH:0
end_of_record
TN:
SF:/Users/denjell/WebstormProjects/quasar-starter-kit-app-extension/test/test-extension/src/store/module-example/actions.js
FN:1,someAction
FNF:1
FNH:0
FNDA:0,someAction
LF:0
LH:0
BRF:0
BRH:0
end_of_record
TN:
SF:/Users/denjell/WebstormProjects/quasar-starter-kit-app-extension/test/test-extension/src/store/module-example/getters.js
FN:1,someGetter
FNF:1
FNH:0
FNDA:0,someGetter
LF:0
LH:0
BRF:0
BRH:0
end_of_record
TN:
SF:/Users/denjell/WebstormProjects/quasar-starter-kit-app-extension/test/test-extension/src/store/module-example/index.js
FNF:0
FNH:0
LF:0
LH:0
BRF:0
BRH:0
end_of_record
TN:
SF:/Users/denjell/WebstormProjects/quasar-starter-kit-app-extension/test/test-extension/src/store/module-example/mutations.js
FN:1,someMutation
FNF:1
FNH:0
FNDA:0,someMutation
LF:0
LH:0
BRF:0
BRH:0
end_of_record
TN:
SF:/Users/denjell/WebstormProjects/quasar-starter-kit-app-extension/test/test-extension/src/store/module-example/state.js
FNF:0
FNH:0
LF:0
LH:0
BRF:0
BRH:0
end_of_record
